
ERROR 2019/03/02 21:01:47 thread.go:17: pq: S:"错误" V:"ERROR" C:"42P01" M:"关系 \"topics\" 不存在" P:"140" F:"d:\\pginstaller.auto\\postgres.windows-x64\\src\\backend\\parser\\parse_relation.c" L:"1180" R:"parserOpenTable"
ERROR 2019/03/03 11:33:23 thread.go:17: pq: relation "topics" does not exist
ERROR 2019/03/03 11:33:24 thread.go:17: pq: relation "topics" does not exist
ERROR 2019/03/06 22:32:54 thread.go:17: pq: relation "topics" does not exist
ERROR 2019/03/06 22:39:33 thread.go:17: pq: relation "topics" does not exist
ERROR 2019/03/10 14:30:59 thread.go:17: pq: column "integral" does not exist
ERROR 2019/03/10 14:31:04 thread.go:17: pq: column "integral" does not exist
ERROR 2019/03/10 14:31:19 thread.go:17: pq: column "integral" does not exist
ERROR 2019/03/10 14:31:42 thread.go:17: pq: column "integral" does not exist
ERROR 2019/03/10 15:19:28 thread.go:17: sql: Scan error on column index 4, name "integral": converting driver.Value type <nil> ("<nil>") to a int: invalid syntax
ERROR 2019/03/10 15:19:31 thread.go:17: sql: Scan error on column index 4, name "integral": converting driver.Value type <nil> ("<nil>") to a int: invalid syntax
ERROR 2019/03/10 15:33:42 thread.go:17: sql: Scan error on column index 5, name "registrationdate": unsupported Scan, storing driver.Value type string into type *psql.JSONTime
ERROR 2019/03/10 15:33:47 thread.go:17: sql: Scan error on column index 5, name "registrationdate": unsupported Scan, storing driver.Value type string into type *psql.JSONTime
ERROR 2019/03/10 15:37:46 thread.go:17: sql: Scan error on column index 5, name "registrationdate": unsupported Scan, storing driver.Value type string into type *psql.JSONTime
ERROR 2019/03/10 15:37:53 thread.go:17: sql: Scan error on column index 5, name "registrationdate": unsupported Scan, storing driver.Value type string into type *psql.JSONTime
ERROR 2019/03/10 15:38:39 thread.go:17: sql: Scan error on column index 5, name "registrationdate": unsupported Scan, storing driver.Value type string into type *psql.JSONTime
ERROR 2019/03/10 15:38:42 thread.go:17: sql: Scan error on column index 5, name "registrationdate": unsupported Scan, storing driver.Value type string into type *psql.JSONTime
ERROR 2019/03/10 15:38:57 post.go:31: sql: Scan error on column index 5, name "registrationdate": unsupported Scan, storing driver.Value type string into type *psql.JSONTime
ERROR 2019/03/10 15:39:09 thread.go:17: sql: Scan error on column index 5, name "registrationdate": unsupported Scan, storing driver.Value type string into type *psql.JSONTime
ERROR 2019/03/10 15:39:46 post.go:31: sql: Scan error on column index 5, name "registrationdate": unsupported Scan, storing driver.Value type string into type *psql.JSONTime
ERROR 2019/03/10 15:39:52 thread.go:17: sql: Scan error on column index 5, name "registrationdate": unsupported Scan, storing driver.Value type string into type *psql.JSONTime
ERROR 2019/03/10 15:39:55 thread.go:17: sql: Scan error on column index 5, name "registrationdate": unsupported Scan, storing driver.Value type string into type *psql.JSONTime
ERROR 2019/03/10 15:41:11 thread.go:17: sql: Scan error on column index 5, name "registrationdate": unsupported Scan, storing driver.Value type string into type *psql.JSONTime
ERROR 2019/03/10 15:41:12 thread.go:17: sql: Scan error on column index 5, name "registrationdate": unsupported Scan, storing driver.Value type string into type *psql.JSONTime
ERROR 2019/03/10 15:41:13 thread.go:17: sql: Scan error on column index 5, name "registrationdate": unsupported Scan, storing driver.Value type string into type *psql.JSONTime
ERROR 2019/03/10 15:41:20 thread.go:17: sql: Scan error on column index 5, name "registrationdate": unsupported Scan, storing driver.Value type string into type *psql.JSONTime
ERROR 2019/03/10 15:46:47 thread.go:17: sql: Scan error on column index 5, name "registrationdate": unsupported Scan, storing driver.Value type string into type *psql.JSONTime
ERROR 2019/03/10 15:56:33 thread.go:17: sql: Scan error on column index 5, name "registrationdate": unsupported Scan, storing driver.Value type string into type *psql.JSONTime
